<?xml version="1.0" encoding="UTF-8"?>
<!-- Generated by org.testng.reporters.JUnitReportReporter -->
<testsuite skipped="0" hostname="DESKTOP-MD35B6D" name="com.actitime.testscript.ProjectMudule" tests="1" failures="0" timestamp="2022-11-09T09:37:51 IST" time="7.669" errors="0">
  <testcase name="testCreateCustomer" time="7.669" classname="com.actitime.testscript.ProjectMudule"/>
  <system-out/>
</testsuite> <!-- com.actitime.testscript.ProjectMudule -->
